<?xml version="1.0" encoding="UTF-8"?>
<!-- Generated by org.testng.reporters.JUnitReportReporter -->
<testsuite hostname="DESKTOP-8S7Q1A3" failures="0" tests="1" name="com.deashadow.seleniumtests.HelloSeleniumTest" time="6.855" errors="0" timestamp="2022-03-16T18:13:32 EDT" skipped="0">
  <testcase classname="com.deashadow.seleniumtests.HelloSeleniumTest" name="smarterTest" time="6.855"/>
  <system-out/>
</testsuite> <!-- com.deashadow.seleniumtests.HelloSeleniumTest -->
