<?xml version="1.0" encoding="UTF-8"?>
<!-- Generated by org.testng.reporters.JUnitReportReporter -->
<testsuite hostname="DESKTOP-8S7Q1A3" failures="1" tests="1" name="allytests.AmazonAllyTest" time="9.413" errors="0" timestamp="2022-03-22T17:08:58 EDT" skipped="0">
  <testcase classname="allytests.AmazonAllyTest" name="amazonAllyTest" time="9.413">
    <failure message="Found 6 accessibility violations:
1) Required ARIA attributes must be provided: https://dequeuniversity.com/rules/axe/3.5/aria-required-attr?application=axeAPI
  a) [&quot;.gLFyf&quot;]
    Fix any of the following:
      Required ARIA attribute not present: aria-expanded


2) Page must have means to bypass repeated blocks: https://dequeuniversity.com/rules/axe/3.5/bypass?application=axeAPI
  a) [&quot;html&quot;]
    Fix any of the following:
      No valid skip link found
      Page does not have a heading
      Page does not have a landmark region
      No valid skip link found
      Page does not have a heading
      Page does not have a landmark region


3) Elements must have sufficient color contrast: https://dequeuniversity.com/rules/axe/3.5/color-contrast?application=axeAPI
  a) [&quot;.AghGtd &gt; .pHiOh:nth-child(1)&quot;]
    Fix any of the following:
      Element has insufficient color contrast of 4.15 (foreground color: #70757a, background color: #f2f2f2, font size: 10.5pt (14px), font weight: normal). Expected contrast ratio of 4.5:1


  b) [&quot;.AghGtd &gt; .pHiOh:nth-child(2)&quot;]
    Fix any of the following:
      Element has insufficient color contrast of 4.15 (foreground color: #70757a, background color: #f2f2f2, font size: 10.5pt (14px), font weight: normal). Expected contrast ratio of 4.5:1


  c) [&quot;.pHiOh:nth-child(3)&quot;]
    Fix any of the following:
      Element has insufficient color contrast of 4.15 (foreground color: #70757a, background color: #f2f2f2, font size: 10.5pt (14px), font weight: normal). Expected contrast ratio of 4.5:1


  d) [&quot;.ktLKi&quot;]
    Fix any of the following:
      Element has insufficient color contrast of 4.15 (foreground color: #70757a, background color: #f2f2f2, font size: 10.5pt (14px), font weight: normal). Expected contrast ratio of 4.5:1


  e) [&quot;.iTjxkf &gt; .pHiOh:nth-child(1)&quot;]
    Fix any of the following:
      Element has insufficient color contrast of 4.15 (foreground color: #70757a, background color: #f2f2f2, font size: 10.5pt (14px), font weight: normal). Expected contrast ratio of 4.5:1


  f) [&quot;.iTjxkf &gt; .pHiOh:nth-child(2)&quot;]
    Fix any of the following:
      Element has insufficient color contrast of 4.15 (foreground color: #70757a, background color: #f2f2f2, font size: 10.5pt (14px), font weight: normal). Expected contrast ratio of 4.5:1


  g) [&quot;#Mses6b&quot;]
    Fix any of the following:
      Element has insufficient color contrast of 4.15 (foreground color: #70757a, background color: #f2f2f2, font size: 10.5pt (14px), font weight: normal). Expected contrast ratio of 4.5:1


4) Document must have one main landmark: https://dequeuniversity.com/rules/axe/3.5/landmark-one-main?application=axeAPI
  a) [&quot;html&quot;]
    Fix all of the following:
      Document does not have a main landmark


  b) [&quot;iframe&quot;,&quot;html&quot;]
    Fix all of the following:
      Document does not have a main landmark


5) Page must contain a level-one heading: https://dequeuniversity.com/rules/axe/3.5/page-has-heading-one?application=axeAPI
  a) [&quot;html&quot;]
    Fix all of the following:
      Page must have a level-one heading


  b) [&quot;iframe&quot;,&quot;html&quot;]
    Fix all of the following:
      Page must have a level-one heading


6) All page content must be contained by landmarks: https://dequeuniversity.com/rules/axe/3.5/region?application=axeAPI
  a) [&quot;.MV3Tnb:nth-child(2)&quot;]
    Fix any of the following:
      Some page content is not contained by landmarks


  b) [&quot;.MV3Tnb:nth-child(3)&quot;]
    Fix any of the following:
      Some page content is not contained by landmarks


  c) [&quot;.gb_Td &gt; div:nth-child(1)&quot;]
    Fix any of the following:
      Some page content is not contained by landmarks


  d) [&quot;.gb_Pe&quot;]
    Fix any of the following:
      Some page content is not contained by landmarks


  e) [&quot;.lnXdpd&quot;]
    Fix any of the following:
      Some page content is not contained by landmarks


  f) [&quot;.AghGtd&quot;]
    Fix any of the following:
      Some page content is not contained by landmarks


  g) [&quot;.ssOUyb&quot;]
    Fix any of the following:
      Some page content is not contained by landmarks


  h) [&quot;.iTjxkf &gt; .pHiOh:nth-child(1)&quot;]
    Fix any of the following:
      Some page content is not contained by landmarks


  i) [&quot;.iTjxkf &gt; .pHiOh:nth-child(2)&quot;]
    Fix any of the following:
      Some page content is not contained by landmarks


  j) [&quot;#Mses6b&quot;]
    Fix any of the following:
      Some page content is not contained by landmarks

 expected [true] but found [false]" type="java.lang.AssertionError">
      <![CDATA[java.lang.AssertionError: Found 6 accessibility violations:
1) Required ARIA attributes must be provided: https://dequeuniversity.com/rules/axe/3.5/aria-required-attr?application=axeAPI
  a) [".gLFyf"]
    Fix any of the following:
      Required ARIA attribute not present: aria-expanded


2) Page must have means to bypass repeated blocks: https://dequeuniversity.com/rules/axe/3.5/bypass?application=axeAPI
  a) ["html"]
    Fix any of the following:
      No valid skip link found
      Page does not have a heading
      Page does not have a landmark region
      No valid skip link found
      Page does not have a heading
      Page does not have a landmark region


3) Elements must have sufficient color contrast: https://dequeuniversity.com/rules/axe/3.5/color-contrast?application=axeAPI
  a) [".AghGtd > .pHiOh:nth-child(1)"]
    Fix any of the following:
      Element has insufficient color contrast of 4.15 (foreground color: #70757a, background color: #f2f2f2, font size: 10.5pt (14px), font weight: normal). Expected contrast ratio of 4.5:1


  b) [".AghGtd > .pHiOh:nth-child(2)"]
    Fix any of the following:
      Element has insufficient color contrast of 4.15 (foreground color: #70757a, background color: #f2f2f2, font size: 10.5pt (14px), font weight: normal). Expected contrast ratio of 4.5:1


  c) [".pHiOh:nth-child(3)"]
    Fix any of the following:
      Element has insufficient color contrast of 4.15 (foreground color: #70757a, background color: #f2f2f2, font size: 10.5pt (14px), font weight: normal). Expected contrast ratio of 4.5:1


  d) [".ktLKi"]
    Fix any of the following:
      Element has insufficient color contrast of 4.15 (foreground color: #70757a, background color: #f2f2f2, font size: 10.5pt (14px), font weight: normal). Expected contrast ratio of 4.5:1


  e) [".iTjxkf > .pHiOh:nth-child(1)"]
    Fix any of the following:
      Element has insufficient color contrast of 4.15 (foreground color: #70757a, background color: #f2f2f2, font size: 10.5pt (14px), font weight: normal). Expected contrast ratio of 4.5:1


  f) [".iTjxkf > .pHiOh:nth-child(2)"]
    Fix any of the following:
      Element has insufficient color contrast of 4.15 (foreground color: #70757a, background color: #f2f2f2, font size: 10.5pt (14px), font weight: normal). Expected contrast ratio of 4.5:1


  g) ["#Mses6b"]
    Fix any of the following:
      Element has insufficient color contrast of 4.15 (foreground color: #70757a, background color: #f2f2f2, font size: 10.5pt (14px), font weight: normal). Expected contrast ratio of 4.5:1


4) Document must have one main landmark: https://dequeuniversity.com/rules/axe/3.5/landmark-one-main?application=axeAPI
  a) ["html"]
    Fix all of the following:
      Document does not have a main landmark


  b) ["iframe","html"]
    Fix all of the following:
      Document does not have a main landmark


5) Page must contain a level-one heading: https://dequeuniversity.com/rules/axe/3.5/page-has-heading-one?application=axeAPI
  a) ["html"]
    Fix all of the following:
      Page must have a level-one heading


  b) ["iframe","html"]
    Fix all of the following:
      Page must have a level-one heading


6) All page content must be contained by landmarks: https://dequeuniversity.com/rules/axe/3.5/region?application=axeAPI
  a) [".MV3Tnb:nth-child(2)"]
    Fix any of the following:
      Some page content is not contained by landmarks


  b) [".MV3Tnb:nth-child(3)"]
    Fix any of the following:
      Some page content is not contained by landmarks


  c) [".gb_Td > div:nth-child(1)"]
    Fix any of the following:
      Some page content is not contained by landmarks


  d) [".gb_Pe"]
    Fix any of the following:
      Some page content is not contained by landmarks


  e) [".lnXdpd"]
    Fix any of the following:
      Some page content is not contained by landmarks


  f) [".AghGtd"]
    Fix any of the following:
      Some page content is not contained by landmarks


  g) [".ssOUyb"]
    Fix any of the following:
      Some page content is not contained by landmarks


  h) [".iTjxkf > .pHiOh:nth-child(1)"]
    Fix any of the following:
      Some page content is not contained by landmarks


  i) [".iTjxkf > .pHiOh:nth-child(2)"]
    Fix any of the following:
      Some page content is not contained by landmarks


  j) ["#Mses6b"]
    Fix any of the following:
      Some page content is not contained by landmarks

 expected [true] but found [false]
at org.testng.Assert.fail(Assert.java:110)
at org.testng.Assert.failNotEquals(Assert.java:1413)
at org.testng.Assert.assertTrue(Assert.java:56)
at allytests.AmazonAllyTest.amazonAllyTest(AmazonAllyTest.java:40)
at java.base/jdk.internal.reflect.NativeMethodAccessorImpl.invoke0(Native Method)
at java.base/jdk.internal.reflect.NativeMethodAccessorImpl.invoke(NativeMethodAccessorImpl.java:62)
at java.base/jdk.internal.reflect.DelegatingMethodAccessorImpl.invoke(DelegatingMethodAccessorImpl.java:43)
at java.base/java.lang.reflect.Method.invoke(Method.java:566)
at org.testng.internal.invokers.MethodInvocationHelper.invokeMethod(MethodInvocationHelper.java:135)
at org.testng.internal.invokers.TestInvoker.invokeMethod(TestInvoker.java:673)
at org.testng.internal.invokers.TestInvoker.invokeTestMethod(TestInvoker.java:220)
at org.testng.internal.invokers.MethodRunner.runInSequence(MethodRunner.java:50)
at org.testng.internal.invokers.TestInvoker$MethodInvocationAgent.invoke(TestInvoker.java:945)
at org.testng.internal.invokers.TestInvoker.invokeTestMethods(TestInvoker.java:193)
at org.testng.internal.invokers.TestMethodWorker.invokeTestMethods(TestMethodWorker.java:146)
at org.testng.internal.invokers.TestMethodWorker.run(TestMethodWorker.java:128)
at java.base/java.util.ArrayList.forEach(ArrayList.java:1541)
at org.testng.TestRunner.privateRun(TestRunner.java:808)
at org.testng.TestRunner.run(TestRunner.java:603)
at org.testng.SuiteRunner.runTest(SuiteRunner.java:429)
at org.testng.SuiteRunner.runSequentially(SuiteRunner.java:423)
at org.testng.SuiteRunner.privateRun(SuiteRunner.java:383)
at org.testng.SuiteRunner.run(SuiteRunner.java:326)
at org.testng.SuiteRunnerWorker.runSuite(SuiteRunnerWorker.java:52)
at org.testng.SuiteRunnerWorker.run(SuiteRunnerWorker.java:95)
at org.testng.TestNG.runSuitesSequentially(TestNG.java:1249)
at org.testng.TestNG.runSuitesLocally(TestNG.java:1169)
at org.testng.TestNG.runSuites(TestNG.java:1092)
at org.testng.TestNG.run(TestNG.java:1060)
at com.intellij.rt.testng.IDEARemoteTestNG.run(IDEARemoteTestNG.java:66)
at com.intellij.rt.testng.RemoteTestNGStarter.main(RemoteTestNGStarter.java:109)
]]>
    </failure>
  </testcase> <!-- amazonAllyTest -->
  <system-out/>
</testsuite> <!-- allytests.AmazonAllyTest -->
